<?xml version="1.0" encoding="UTF-8"?>
<testng-results skipped="0" failed="0" ignored="0" total="1" passed="1">
  <reporter-output>
  </reporter-output>
  <suite name="Default suite" duration-ms="13388" started-at="2019-11-11T04:00:27 MST" finished-at="2019-11-11T04:00:40 MST">
    <groups>
    </groups>
    <test name="Default test" duration-ms="13388" started-at="2019-11-11T04:00:27 MST" finished-at="2019-11-11T04:00:40 MST">
      <class name="tests.POSTMediaAttachments">
        <test-method status="PASS" signature="setup()[pri:0, instance:tests.POSTMediaAttachments@610694f1]" name="setup" is-config="true" duration-ms="11513" started-at="2019-11-11T04:00:27 MST" finished-at="2019-11-11T04:00:38 MST">
          <reporter-output>
          </reporter-output>
        </test-method> <!-- setup -->
        <test-method status="PASS" signature="postContentImport()[pri:0, instance:tests.POSTMediaAttachments@610694f1]" name="postContentImport" duration-ms="1686" started-at="2019-11-11T04:00:39 MST" finished-at="2019-11-11T04:00:40 MST">
          <reporter-output>
          </reporter-output>
        </test-method> <!-- postContentImport -->
        <test-method status="PASS" signature="teardown()[pri:0, instance:tests.POSTMediaAttachments@610694f1]" name="teardown" is-config="true" duration-ms="4" started-at="2019-11-11T04:00:40 MST" finished-at="2019-11-11T04:00:40 MST">
          <reporter-output>
          </reporter-output>
        </test-method> <!-- teardown -->
      </class> <!-- tests.POSTMediaAttachments -->
    </test> <!-- Default test -->
  </suite> <!-- Default suite -->
</testng-results>
