<?xml version="1.0" encoding="UTF-8"?>
<testng-results skipped="0" failed="0" ignored="0" total="1" passed="1">
  <reporter-output>
  </reporter-output>
  <suite name="Default suite" duration-ms="6108" started-at="2019-11-04T06:21:21 MST" finished-at="2019-11-04T06:21:28 MST">
    <groups>
    </groups>
    <test name="Default test" duration-ms="6108" started-at="2019-11-04T06:21:21 MST" finished-at="2019-11-04T06:21:28 MST">
      <class name="tests.GetRequests">
        <test-method status="PASS" signature="setup()[pri:0, instance:tests.GetRequests@5bc79255]" name="setup" is-config="true" duration-ms="5179" started-at="2019-11-04T06:21:21 MST" finished-at="2019-11-04T06:21:27 MST">
          <reporter-output>
          </reporter-output>
        </test-method> <!-- setup -->
        <test-method status="PASS" signature="postContent()[pri:0, instance:tests.GetRequests@5bc79255]" name="postContent" duration-ms="858" started-at="2019-11-04T06:21:27 MST" finished-at="2019-11-04T06:21:28 MST">
          <reporter-output>
          </reporter-output>
        </test-method> <!-- postContent -->
      </class> <!-- tests.GetRequests -->
    </test> <!-- Default test -->
  </suite> <!-- Default suite -->
</testng-results>
